<?xml version="1.0" encoding="UTF-8"?>
<!-- Generated by org.testng.reporters.JUnitReportReporter -->
<testsuite hostname="IN-PG04G569" failures="0" tests="3" name="automateSortingPaginationFilteringInWebTables.WebTableRealWorldAutomationPrograms" time="13.039" errors="0" timestamp="2025-09-30T16:59:19 IST" skipped="2">
  <testcase classname="automateSortingPaginationFilteringInWebTables.WebTableRealWorldAutomationPrograms" name="filterProduct" time="13.039"/>
  <testcase classname="automateSortingPaginationFilteringInWebTables.WebTableRealWorldAutomationPrograms" name="getPriceOfProduct">
    <skipped/>
  </testcase> <!-- getPriceOfProduct -->
  <testcase classname="automateSortingPaginationFilteringInWebTables.WebTableRealWorldAutomationPrograms" name="searchProduct">
    <skipped/>
  </testcase> <!-- searchProduct -->
</testsuite> <!-- automateSortingPaginationFilteringInWebTables.WebTableRealWorldAutomationPrograms -->
