<?xml version="1.0" encoding="UTF-8"?>
<!-- Generated by org.testng.reporters.JUnitReportReporter -->
<testsuite hostname="IN-PG04G569" failures="0" tests="1" name="section12PracticalProblemAndMethodsToHandelThemWithSelenium.Assignment8" time="4.242" errors="0" timestamp="2025-10-07T12:45:08 IST" skipped="0">
  <testcase classname="section12PracticalProblemAndMethodsToHandelThemWithSelenium.Assignment8" name="HandlingAutoSuggestiveDropDown" time="4.242"/>
</testsuite> <!-- section12PracticalProblemAndMethodsToHandelThemWithSelenium.Assignment8 -->
