<?xml version="1.0" encoding="UTF-8"?>
<!-- Generated by org.testng.reporters.JUnitReportReporter -->
<testsuite hostname="IN-PG04G569" failures="0" tests="1" name="section12PracticalProblemAndMethodsToHandelThemWithSelenium.Assignment7" time="12.694" errors="0" timestamp="2025-10-07T11:58:06 IST" skipped="0">
  <testcase classname="section12PracticalProblemAndMethodsToHandelThemWithSelenium.Assignment7" name="WebTableAssignment" time="12.694"/>
</testsuite> <!-- section12PracticalProblemAndMethodsToHandelThemWithSelenium.Assignment7 -->
