<?xml version="1.0" encoding="UTF-8"?>
<!-- Generated by org.testng.reporters.JUnitReportReporter -->
<testsuite hostname="IN-PG04G569" failures="0" tests="3" name="section11RealTimeExercisesProblems.WebDriverScope" time="16.825" errors="0" timestamp="2025-10-07T16:21:38 IST" skipped="2">
  <testcase classname="section11RealTimeExercisesProblems.WebDriverScope" name="getTitleOfAllTheTabsOpen" time="16.825"/>
  <testcase classname="section11RealTimeExercisesProblems.WebDriverScope" name="openLinksInSeperateTabs">
    <skipped/>
  </testcase> <!-- openLinksInSeperateTabs -->
  <testcase classname="section11RealTimeExercisesProblems.WebDriverScope" name="printTheLinksCountInThePage">
    <skipped/>
  </testcase> <!-- printTheLinksCountInThePage -->
</testsuite> <!-- section11RealTimeExercisesProblems.WebDriverScope -->
