<?xml version="1.0" encoding="UTF-8"?>
<!-- Generated by org.testng.reporters.JUnitReportReporter -->
<testsuite hostname="IN-PG04G569" failures="0" tests="5" name="javaStreamQuestionPractice.StreamPracticeQuestion" time="0.022" errors="0" timestamp="2025-10-03T10:36:08 IST" skipped="4">
  <testcase classname="javaStreamQuestionPractice.StreamPracticeQuestion" name="prcticeque" time="0.022"/>
  <testcase classname="javaStreamQuestionPractice.StreamPracticeQuestion" name="multiplyEachElementOfArray">
    <skipped/>
  </testcase> <!-- multiplyEachElementOfArray -->
  <testcase classname="javaStreamQuestionPractice.StreamPracticeQuestion" name="multiplyEachElementOfArray1">
    <skipped/>
  </testcase> <!-- multiplyEachElementOfArray1 -->
  <testcase classname="javaStreamQuestionPractice.StreamPracticeQuestion" name="strToint">
    <skipped/>
  </testcase> <!-- strToint -->
  <testcase classname="javaStreamQuestionPractice.StreamPracticeQuestion" name="streamMap">
    <skipped/>
  </testcase> <!-- streamMap -->
</testsuite> <!-- javaStreamQuestionPractice.StreamPracticeQuestion -->
