<?xml version="1.0" encoding="UTF-8"?>
<!-- Generated by org.testng.reporters.JUnitReportReporter -->
<testsuite hostname="IN-PG04G569" failures="0" tests="1" name="section13MiscellaneousTopicsInSeleniumWebDriver.HandlingHttpsCertificationInAutomatedBrowser" time="7.500" errors="0" timestamp="2025-10-03T12:26:02 IST" skipped="0">
  <testcase classname="section13MiscellaneousTopicsInSeleniumWebDriver.HandlingHttpsCertificationInAutomatedBrowser" name="handlingHttpsCertification" time="7.500"/>
</testsuite> <!-- section13MiscellaneousTopicsInSeleniumWebDriver.HandlingHttpsCertificationInAutomatedBrowser -->
