<?xml version="1.0" encoding="UTF-8"?>
<!-- Generated by org.testng.reporters.JUnitReportReporter -->
<testsuite hostname="IN-PG04G569" failures="0" tests="1" name="automateSortingPaginationFilteringInWebTables.WebTableSorting" time="9.753" errors="0" timestamp="2025-09-30T11:05:29 IST" skipped="0">
  <testcase classname="automateSortingPaginationFilteringInWebTables.WebTableSorting" name="searchProduct" time="9.753"/>
</testsuite> <!-- automateSortingPaginationFilteringInWebTables.WebTableSorting -->
