<?xml version="1.0" encoding="UTF-8"?>
<!-- Generated by org.testng.reporters.JUnitReportReporter -->
<testsuite hostname="IN-PG04G569" failures="0" tests="1" name="section13MiscellaneousTopicsInSeleniumWebDriver.HowToTakeScreenShots" time="6.681" errors="0" timestamp="2025-12-12T16:29:50 IST" skipped="0">
  <testcase classname="section13MiscellaneousTopicsInSeleniumWebDriver.HowToTakeScreenShots" name="screenShot" time="6.681"/>
</testsuite> <!-- section13MiscellaneousTopicsInSeleniumWebDriver.HowToTakeScreenShots -->
