<?xml version="1.0" encoding="UTF-8"?>
<!-- Generated by org.testng.reporters.JUnitReportReporter -->
<testsuite hostname="IN-PG04G569" failures="0" tests="2" name="section12PracticalProblemAndMethodsToHandelThemWithSelenium.Section12" time="11.196" errors="0" timestamp="2025-10-06T23:27:27 IST" skipped="1">
  <testcase classname="section12PracticalProblemAndMethodsToHandelThemWithSelenium.Section12" name="handelTableGridsInWebPage" time="11.196"/>
  <testcase classname="section12PracticalProblemAndMethodsToHandelThemWithSelenium.Section12" name="scrolling">
    <skipped/>
  </testcase> <!-- scrolling -->
</testsuite> <!-- section12PracticalProblemAndMethodsToHandelThemWithSelenium.Section12 -->
