<?xml version="1.0" encoding="UTF-8"?>
<testng-results ignored="0" total="1" passed="1" failed="0" skipped="0">
  <reporter-output>
  </reporter-output>
  <suite started-at="2025-12-12T16:29:43 IST" name="Default suite" finished-at="2025-12-12T16:29:50 IST" duration-ms="6806">
    <groups>
    </groups>
    <test started-at="2025-12-12T16:29:43 IST" name="Default test" finished-at="2025-12-12T16:29:50 IST" duration-ms="6806">
      <class name="section13MiscellaneousTopicsInSeleniumWebDriver.HowToTakeScreenShots">
        <test-method signature="screenShot()[pri:0, instance:section13MiscellaneousTopicsInSeleniumWebDriver.HowToTakeScreenShots@139982de]" started-at="2025-12-12T16:29:43 IST" name="screenShot" finished-at="2025-12-12T16:29:50 IST" duration-ms="6681" status="PASS">
          <reporter-output>
          </reporter-output>
        </test-method> <!-- screenShot -->
      </class> <!-- section13MiscellaneousTopicsInSeleniumWebDriver.HowToTakeScreenShots -->
    </test> <!-- Default test -->
  </suite> <!-- Default suite -->
</testng-results>
